{"/Users/Lawrence/Developer/Project/E-commerce/E-commerce-backend/src/app.ts": {"path":"/Users/Lawrence/Developer/Project/E-commerce/E-commerce-backend/src/app.ts","statementMap":{"0":{"start":{"line":19,"column":6},"end":{"line":19,"column":null}},"1":{"start":{"line":20,"column":21},"end":{"line":20,"column":null}},"2":{"start":{"line":23,"column":0},"end":{"line":23,"column":null}},"3":{"start":{"line":26,"column":0},"end":{"line":26,"column":null}},"4":{"start":{"line":29,"column":0},"end":{"line":29,"column":null}},"5":{"start":{"line":32,"column":0},"end":{"line":32,"column":null}},"6":{"start":{"line":33,"column":0},"end":{"line":33,"column":null}},"7":{"start":{"line":36,"column":0},"end":{"line":36,"column":null}},"8":{"start":{"line":39,"column":6},"end":{"line":43,"column":null}},"9":{"start":{"line":44,"column":0},"end":{"line":44,"column":null}},"10":{"start":{"line":47,"column":0},"end":{"line":47,"column":null}},"11":{"start":{"line":48,"column":0},"end":{"line":48,"column":null}},"12":{"start":{"line":49,"column":0},"end":{"line":49,"column":null}},"13":{"start":{"line":52,"column":0},"end":{"line":57,"column":null}},"14":{"start":{"line":60,"column":0},"end":{"line":76,"column":null}},"15":{"start":{"line":79,"column":0},"end":{"line":79,"column":null}},"16":{"start":{"line":82,"column":0},"end":{"line":82,"column":null}}},"fnMap":{},"branchMap":{"0":{"loc":{"start":{"line":71,"column":16},"end":{"line":71,"column":null}},"type":"cond-expr","locations":[{"start":{"line":71,"column":31},"end":{"line":71,"column":42}},{"start":{"line":71,"column":42},"end":{"line":71,"column":null}}],"line":71}},"s":{"0":1,"1":1,"2":1,"3":1,"4":1,"5":1,"6":1,"7":1,"8":1,"9":1,"10":1,"11":1,"12":1,"13":1,"14":1,"15":1,"16":1},"f":{},"b":{"0":[0,1]},"meta":{"lastBranch":1,"lastFunction":0,"lastStatement":17,"seen":{"s:19:6:19:Infinity":0,"s:20:21:20:Infinity":1,"s:23:0:23:Infinity":2,"s:26:0:26:Infinity":3,"s:29:0:29:Infinity":4,"s:32:0:32:Infinity":5,"s:33:0:33:Infinity":6,"s:36:0:36:Infinity":7,"s:39:6:43:Infinity":8,"s:44:0:44:Infinity":9,"s:47:0:47:Infinity":10,"s:48:0:48:Infinity":11,"s:49:0:49:Infinity":12,"s:52:0:57:Infinity":13,"s:60:0:76:Infinity":14,"b:71:31:71:42:71:42:71:Infinity":0,"s:79:0:79:Infinity":15,"s:82:0:82:Infinity":16}}}
,"/Users/Lawrence/Developer/Project/E-commerce/E-commerce-backend/src/config/index.ts": {"path":"/Users/Lawrence/Developer/Project/E-commerce/E-commerce-backend/src/config/index.ts","statementMap":{"0":{"start":{"line":3,"column":0},"end":{"line":3,"column":null}},"1":{"start":{"line":6,"column":22},"end":{"line":34,"column":null}}},"fnMap":{},"branchMap":{"0":{"loc":{"start":{"line":7,"column":7},"end":{"line":7,"column":null}},"type":"binary-expr","locations":[{"start":{"line":7,"column":7},"end":{"line":7,"column":31}},{"start":{"line":7,"column":31},"end":{"line":7,"column":null}}],"line":7},"1":{"loc":{"start":{"line":9,"column":4},"end":{"line":11,"column":null}},"type":"cond-expr","locations":[{"start":{"line":10,"column":8},"end":{"line":10,"column":null}},{"start":{"line":11,"column":8},"end":{"line":11,"column":null}}],"line":9},"2":{"loc":{"start":{"line":12,"column":14},"end":{"line":12,"column":null}},"type":"cond-expr","locations":[{"start":{"line":12,"column":33},"end":{"line":12,"column":66}},{"start":{"line":12,"column":66},"end":{"line":12,"column":null}}],"line":12},"3":{"loc":{"start":{"line":14,"column":10},"end":{"line":14,"column":null}},"type":"binary-expr","locations":[{"start":{"line":14,"column":10},"end":{"line":14,"column":39}},{"start":{"line":14,"column":39},"end":{"line":14,"column":null}}],"line":14},"4":{"loc":{"start":{"line":15,"column":10},"end":{"line":15,"column":null}},"type":"binary-expr","locations":[{"start":{"line":15,"column":10},"end":{"line":15,"column":39}},{"start":{"line":15,"column":39},"end":{"line":15,"column":null}}],"line":15},"5":{"loc":{"start":{"line":16,"column":14},"end":{"line":16,"column":null}},"type":"binary-expr","locations":[{"start":{"line":16,"column":14},"end":{"line":16,"column":47}},{"start":{"line":16,"column":47},"end":{"line":16,"column":null}}],"line":16},"6":{"loc":{"start":{"line":17,"column":14},"end":{"line":17,"column":null}},"type":"binary-expr","locations":[{"start":{"line":17,"column":14},"end":{"line":17,"column":47}},{"start":{"line":17,"column":47},"end":{"line":17,"column":null}}],"line":17},"7":{"loc":{"start":{"line":19,"column":6},"end":{"line":21,"column":null}},"type":"cond-expr","locations":[{"start":{"line":20,"column":10},"end":{"line":20,"column":null}},{"start":{"line":21,"column":10},"end":{"line":21,"column":null}}],"line":19},"8":{"loc":{"start":{"line":24,"column":4},"end":{"line":24,"column":null}},"type":"binary-expr","locations":[{"start":{"line":24,"column":4},"end":{"line":24,"column":34}},{"start":{"line":24,"column":34},"end":{"line":24,"column":null}}],"line":24},"9":{"loc":{"start":{"line":25,"column":16},"end":{"line":25,"column":null}},"type":"binary-expr","locations":[{"start":{"line":25,"column":16},"end":{"line":25,"column":46}},{"start":{"line":25,"column":46},"end":{"line":25,"column":null}}],"line":25},"10":{"loc":{"start":{"line":26,"column":15},"end":{"line":28,"column":null}},"type":"binary-expr","locations":[{"start":{"line":26,"column":15},"end":{"line":26,"column":55}},{"start":{"line":26,"column":55},"end":{"line":28,"column":null}}],"line":26},"11":{"loc":{"start":{"line":30,"column":10},"end":{"line":30,"column":null}},"type":"binary-expr","locations":[{"start":{"line":30,"column":10},"end":{"line":30,"column":36}},{"start":{"line":30,"column":36},"end":{"line":30,"column":null}}],"line":30},"12":{"loc":{"start":{"line":31,"column":10},"end":{"line":31,"column":null}},"type":"cond-expr","locations":[{"start":{"line":31,"column":35},"end":{"line":31,"column":74}},{"start":{"line":31,"column":74},"end":{"line":31,"column":null}}],"line":31},"13":{"loc":{"start":{"line":32,"column":14},"end":{"line":32,"column":null}},"type":"binary-expr","locations":[{"start":{"line":32,"column":14},"end":{"line":32,"column":44}},{"start":{"line":32,"column":44},"end":{"line":32,"column":null}}],"line":32}},"s":{"0":1,"1":1},"f":{},"b":{"0":[1,0],"1":[1,0],"2":[0,1],"3":[1,0],"4":[1,0],"5":[1,0],"6":[1,0],"7":[1,0],"8":[1,0],"9":[1,0],"10":[1,1],"11":[1,1],"12":[0,1],"13":[1,1]},"meta":{"lastBranch":14,"lastFunction":0,"lastStatement":2,"seen":{"s:3:0:3:Infinity":0,"s:6:22:34:Infinity":1,"b:7:7:7:31:7:31:7:Infinity":0,"b:10:8:10:Infinity:11:8:11:Infinity":1,"b:12:33:12:66:12:66:12:Infinity":2,"b:14:10:14:39:14:39:14:Infinity":3,"b:15:10:15:39:15:39:15:Infinity":4,"b:16:14:16:47:16:47:16:Infinity":5,"b:17:14:17:47:17:47:17:Infinity":6,"b:20:10:20:Infinity:21:10:21:Infinity":7,"b:24:4:24:34:24:34:24:Infinity":8,"b:25:16:25:46:25:46:25:Infinity":9,"b:26:15:26:55:26:55:28:Infinity":10,"b:30:10:30:36:30:36:30:Infinity":11,"b:31:35:31:74:31:74:31:Infinity":12,"b:32:14:32:44:32:44:32:Infinity":13}}}
,"/Users/Lawrence/Developer/Project/E-commerce/E-commerce-backend/src/config/swagger.ts": {"path":"/Users/Lawrence/Developer/Project/E-commerce/E-commerce-backend/src/config/swagger.ts","statementMap":{"0":{"start":{"line":6,"column":16},"end":{"line":35,"column":null}},"1":{"start":{"line":37,"column":6},"end":{"line":37,"column":null}},"2":{"start":{"line":39,"column":28},"end":{"line":45,"column":null}},"3":{"start":{"line":40,"column":2},"end":{"line":40,"column":null}},"4":{"start":{"line":41,"column":2},"end":{"line":44,"column":null}},"5":{"start":{"line":42,"column":4},"end":{"line":42,"column":null}},"6":{"start":{"line":43,"column":4},"end":{"line":43,"column":null}}},"fnMap":{"0":{"name":"(anonymous_0)","decl":{"start":{"line":39,"column":28},"end":{"line":39,"column":29}},"loc":{"start":{"line":39,"column":50},"end":{"line":45,"column":null}},"line":39},"1":{"name":"(anonymous_1)","decl":{"start":{"line":41,"column":24},"end":{"line":41,"column":25}},"loc":{"start":{"line":41,"column":38},"end":{"line":44,"column":3}},"line":41}},"branchMap":{},"s":{"0":1,"1":1,"2":1,"3":1,"4":1,"5":0,"6":0},"f":{"0":1,"1":0},"b":{},"meta":{"lastBranch":0,"lastFunction":2,"lastStatement":7,"seen":{"s:6:16:35:Infinity":0,"s:37:6:37:Infinity":1,"s:39:28:45:Infinity":2,"f:39:28:39:29":0,"s:40:2:40:Infinity":3,"s:41:2:44:Infinity":4,"f:41:24:41:25":1,"s:42:4:42:Infinity":5,"s:43:4:43:Infinity":6}}}
,"/Users/Lawrence/Developer/Project/E-commerce/E-commerce-backend/src/controllers/auth.controller.ts": {"path":"/Users/Lawrence/Developer/Project/E-commerce/E-commerce-backend/src/controllers/auth.controller.ts","statementMap":{"0":{"start":{"line":7,"column":9},"end":{"line":11,"column":null}},"1":{"start":{"line":13,"column":9},"end":{"line":27,"column":null}},"2":{"start":{"line":8,"column":32},"end":{"line":8,"column":null}},"3":{"start":{"line":9,"column":20},"end":{"line":9,"column":null}},"4":{"start":{"line":10,"column":4},"end":{"line":10,"column":null}},"5":{"start":{"line":14,"column":32},"end":{"line":14,"column":null}},"6":{"start":{"line":15,"column":28},"end":{"line":15,"column":null}},"7":{"start":{"line":17,"column":25},"end":{"line":17,"column":null}},"8":{"start":{"line":19,"column":4},"end":{"line":24,"column":null}},"9":{"start":{"line":26,"column":4},"end":{"line":26,"column":null}}},"fnMap":{"0":{"name":"(anonymous_0)","decl":{"start":{"line":7,"column":33},"end":{"line":7,"column":40}},"loc":{"start":{"line":7,"column":72},"end":{"line":11,"column":3}},"line":7},"1":{"name":"(anonymous_1)","decl":{"start":{"line":13,"column":30},"end":{"line":13,"column":37}},"loc":{"start":{"line":13,"column":69},"end":{"line":27,"column":3}},"line":13}},"branchMap":{"0":{"loc":{"start":{"line":22,"column":16},"end":{"line":22,"column":null}},"type":"cond-expr","locations":[{"start":{"line":22,"column":31},"end":{"line":22,"column":42}},{"start":{"line":22,"column":42},"end":{"line":22,"column":null}}],"line":22}},"s":{"0":1,"1":1,"2":0,"3":0,"4":0,"5":0,"6":0,"7":0,"8":0,"9":0},"f":{"0":0,"1":0},"b":{"0":[0,0]},"meta":{"lastBranch":1,"lastFunction":2,"lastStatement":10,"seen":{"s:7:9:11:Infinity":0,"s:13:9:27:Infinity":1,"f:7:33:7:40":0,"s:8:32:8:Infinity":2,"s:9:20:9:Infinity":3,"s:10:4:10:Infinity":4,"f:13:30:13:37":1,"s:14:32:14:Infinity":5,"s:15:28:15:Infinity":6,"s:17:25:17:Infinity":7,"s:19:4:24:Infinity":8,"b:22:31:22:42:22:42:22:Infinity":0,"s:26:4:26:Infinity":9}}}
,"/Users/Lawrence/Developer/Project/E-commerce/E-commerce-backend/src/controllers/cart.controller.ts": {"path":"/Users/Lawrence/Developer/Project/E-commerce/E-commerce-backend/src/controllers/cart.controller.ts","statementMap":{"0":{"start":{"line":6,"column":19},"end":{"line":9,"column":null}},"1":{"start":{"line":11,"column":19},"end":{"line":26,"column":null}},"2":{"start":{"line":28,"column":21},"end":{"line":36,"column":null}},"3":{"start":{"line":38,"column":22},"end":{"line":50,"column":null}},"4":{"start":{"line":52,"column":22},"end":{"line":65,"column":null}},"5":{"start":{"line":67,"column":21},"end":{"line":70,"column":null}},"6":{"start":{"line":7,"column":17},"end":{"line":7,"column":null}},"7":{"start":{"line":8,"column":4},"end":{"line":8,"column":null}},"8":{"start":{"line":12,"column":46},"end":{"line":12,"column":null}},"9":{"start":{"line":13,"column":4},"end":{"line":13,"column":null}},"10":{"start":{"line":15,"column":25},"end":{"line":17,"column":null}},"11":{"start":{"line":16,"column":16},"end":{"line":16,"column":null}},"12":{"start":{"line":19,"column":4},"end":{"line":23,"column":null}},"13":{"start":{"line":20,"column":6},"end":{"line":20,"column":null}},"14":{"start":{"line":22,"column":6},"end":{"line":22,"column":null}},"15":{"start":{"line":25,"column":4},"end":{"line":25,"column":null}},"16":{"start":{"line":29,"column":23},"end":{"line":29,"column":null}},"17":{"start":{"line":30,"column":4},"end":{"line":30,"column":null}},"18":{"start":{"line":32,"column":23},"end":{"line":32,"column":null}},"19":{"start":{"line":33,"column":4},"end":{"line":33,"column":null}},"20":{"start":{"line":35,"column":4},"end":{"line":35,"column":null}},"21":{"start":{"line":39,"column":21},"end":{"line":39,"column":null}},"22":{"start":{"line":40,"column":27},"end":{"line":40,"column":null}},"23":{"start":{"line":42,"column":4},"end":{"line":42,"column":null}},"24":{"start":{"line":42,"column":27},"end":{"line":42,"column":null}},"25":{"start":{"line":44,"column":25},"end":{"line":44,"column":null}},"26":{"start":{"line":44,"column":57},"end":{"line":44,"column":78}},"27":{"start":{"line":45,"column":4},"end":{"line":47,"column":null}},"28":{"start":{"line":46,"column":6},"end":{"line":46,"column":null}},"29":{"start":{"line":49,"column":4},"end":{"line":49,"column":null}},"30":{"start":{"line":53,"column":16},"end":{"line":53,"column":null}},"31":{"start":{"line":54,"column":4},"end":{"line":54,"column":null}},"32":{"start":{"line":54,"column":27},"end":{"line":54,"column":null}},"33":{"start":{"line":56,"column":24},"end":{"line":58,"column":null}},"34":{"start":{"line":57,"column":16},"end":{"line":57,"column":null}},"35":{"start":{"line":60,"column":4},"end":{"line":62,"column":null}},"36":{"start":{"line":61,"column":6},"end":{"line":61,"column":null}},"37":{"start":{"line":64,"column":4},"end":{"line":64,"column":null}},"38":{"start":{"line":68,"column":4},"end":{"line":68,"column":null}},"39":{"start":{"line":69,"column":4},"end":{"line":69,"column":null}}},"fnMap":{"0":{"name":"(anonymous_0)","decl":{"start":{"line":6,"column":19},"end":{"line":6,"column":20}},"loc":{"start":{"line":6,"column":58},"end":{"line":9,"column":null}},"line":6},"1":{"name":"(anonymous_1)","decl":{"start":{"line":11,"column":19},"end":{"line":11,"column":20}},"loc":{"start":{"line":11,"column":58},"end":{"line":26,"column":null}},"line":11},"2":{"name":"(anonymous_2)","decl":{"start":{"line":16,"column":6},"end":{"line":16,"column":7}},"loc":{"start":{"line":16,"column":16},"end":{"line":16,"column":null}},"line":16},"3":{"name":"(anonymous_3)","decl":{"start":{"line":28,"column":21},"end":{"line":28,"column":22}},"loc":{"start":{"line":28,"column":60},"end":{"line":36,"column":null}},"line":28},"4":{"name":"(anonymous_4)","decl":{"start":{"line":38,"column":22},"end":{"line":38,"column":23}},"loc":{"start":{"line":38,"column":61},"end":{"line":50,"column":null}},"line":38},"5":{"name":"(anonymous_5)","decl":{"start":{"line":44,"column":47},"end":{"line":44,"column":48}},"loc":{"start":{"line":44,"column":57},"end":{"line":44,"column":78}},"line":44},"6":{"name":"(anonymous_6)","decl":{"start":{"line":52,"column":22},"end":{"line":52,"column":23}},"loc":{"start":{"line":52,"column":61},"end":{"line":65,"column":null}},"line":52},"7":{"name":"(anonymous_7)","decl":{"start":{"line":57,"column":6},"end":{"line":57,"column":7}},"loc":{"start":{"line":57,"column":16},"end":{"line":57,"column":null}},"line":57},"8":{"name":"(anonymous_8)","decl":{"start":{"line":67,"column":21},"end":{"line":67,"column":22}},"loc":{"start":{"line":67,"column":60},"end":{"line":70,"column":null}},"line":67}},"branchMap":{"0":{"loc":{"start":{"line":7,"column":17},"end":{"line":7,"column":null}},"type":"binary-expr","locations":[{"start":{"line":7,"column":17},"end":{"line":7,"column":37}},{"start":{"line":7,"column":37},"end":{"line":7,"column":null}}],"line":7},"1":{"loc":{"start":{"line":13,"column":23},"end":{"line":13,"column":null}},"type":"binary-expr","locations":[{"start":{"line":13,"column":23},"end":{"line":13,"column":43}},{"start":{"line":13,"column":43},"end":{"line":13,"column":null}}],"line":13},"2":{"loc":{"start":{"line":16,"column":16},"end":{"line":16,"column":null}},"type":"binary-expr","locations":[{"start":{"line":16,"column":16},"end":{"line":16,"column":48}},{"start":{"line":16,"column":48},"end":{"line":16,"column":null}}],"line":16},"3":{"loc":{"start":{"line":19,"column":4},"end":{"line":23,"column":null}},"type":"if","locations":[{"start":{"line":19,"column":4},"end":{"line":23,"column":null}},{"start":{"line":21,"column":11},"end":{"line":23,"column":null}}],"line":19},"4":{"loc":{"start":{"line":30,"column":23},"end":{"line":30,"column":null}},"type":"binary-expr","locations":[{"start":{"line":30,"column":23},"end":{"line":30,"column":43}},{"start":{"line":30,"column":43},"end":{"line":30,"column":null}}],"line":30},"5":{"loc":{"start":{"line":42,"column":4},"end":{"line":42,"column":null}},"type":"if","locations":[{"start":{"line":42,"column":4},"end":{"line":42,"column":null}},{"start":{},"end":{}}],"line":42},"6":{"loc":{"start":{"line":45,"column":4},"end":{"line":47,"column":null}},"type":"if","locations":[{"start":{"line":45,"column":4},"end":{"line":47,"column":null}},{"start":{},"end":{}}],"line":45},"7":{"loc":{"start":{"line":54,"column":4},"end":{"line":54,"column":null}},"type":"if","locations":[{"start":{"line":54,"column":4},"end":{"line":54,"column":null}},{"start":{},"end":{}}],"line":54},"8":{"loc":{"start":{"line":60,"column":4},"end":{"line":62,"column":null}},"type":"if","locations":[{"start":{"line":60,"column":4},"end":{"line":62,"column":null}},{"start":{},"end":{}}],"line":60}},"s":{"0":0,"1":0,"2":0,"3":0,"4":0,"5":0,"6":0,"7":0,"8":0,"9":0,"10":0,"11":0,"12":0,"13":0,"14":0,"15":0,"16":0,"17":0,"18":0,"19":0,"20":0,"21":0,"22":0,"23":0,"24":0,"25":0,"26":0,"27":0,"28":0,"29":0,"30":0,"31":0,"32":0,"33":0,"34":0,"35":0,"36":0,"37":0,"38":0,"39":0},"f":{"0":0,"1":0,"2":0,"3":0,"4":0,"5":0,"6":0,"7":0,"8":0},"b":{"0":[0,0],"1":[0,0],"2":[0,0],"3":[0,0],"4":[0,0],"5":[0,0],"6":[0,0],"7":[0,0],"8":[0,0]},"meta":{"lastBranch":9,"lastFunction":9,"lastStatement":40,"seen":{"s:6:19:9:Infinity":0,"s:11:19:26:Infinity":1,"s:28:21:36:Infinity":2,"s:38:22:50:Infinity":3,"s:52:22:65:Infinity":4,"s:67:21:70:Infinity":5,"f:6:19:6:20":0,"s:7:17:7:Infinity":6,"b:7:17:7:37:7:37:7:Infinity":0,"s:8:4:8:Infinity":7,"f:11:19:11:20":1,"s:12:46:12:Infinity":8,"s:13:4:13:Infinity":9,"b:13:23:13:43:13:43:13:Infinity":1,"s:15:25:17:Infinity":10,"f:16:6:16:7":2,"s:16:16:16:Infinity":11,"b:16:16:16:48:16:48:16:Infinity":2,"b:19:4:23:Infinity:21:11:23:Infinity":3,"s:19:4:23:Infinity":12,"s:20:6:20:Infinity":13,"s:22:6:22:Infinity":14,"s:25:4:25:Infinity":15,"f:28:21:28:22":3,"s:29:23:29:Infinity":16,"s:30:4:30:Infinity":17,"b:30:23:30:43:30:43:30:Infinity":4,"s:32:23:32:Infinity":18,"s:33:4:33:Infinity":19,"s:35:4:35:Infinity":20,"f:38:22:38:23":4,"s:39:21:39:Infinity":21,"s:40:27:40:Infinity":22,"b:42:4:42:Infinity:undefined:undefined:undefined:undefined":5,"s:42:4:42:Infinity":23,"s:42:27:42:Infinity":24,"s:44:25:44:Infinity":25,"f:44:47:44:48":5,"s:44:57:44:78":26,"b:45:4:47:Infinity:undefined:undefined:undefined:undefined":6,"s:45:4:47:Infinity":27,"s:46:6:46:Infinity":28,"s:49:4:49:Infinity":29,"f:52:22:52:23":6,"s:53:16:53:Infinity":30,"b:54:4:54:Infinity:undefined:undefined:undefined:undefined":7,"s:54:4:54:Infinity":31,"s:54:27:54:Infinity":32,"s:56:24:58:Infinity":33,"f:57:6:57:7":7,"s:57:16:57:Infinity":34,"b:60:4:62:Infinity:undefined:undefined:undefined:undefined":8,"s:60:4:62:Infinity":35,"s:61:6:61:Infinity":36,"s:64:4:64:Infinity":37,"f:67:21:67:22":8,"s:68:4:68:Infinity":38,"s:69:4:69:Infinity":39}}}
,"/Users/Lawrence/Developer/Project/E-commerce/E-commerce-backend/src/controllers/health.controller.ts": {"path":"/Users/Lawrence/Developer/Project/E-commerce/E-commerce-backend/src/controllers/health.controller.ts","statementMap":{"0":{"start":{"line":7,"column":9},"end":{"line":40,"column":null}},"1":{"start":{"line":12,"column":4},"end":{"line":18,"column":null}},"2":{"start":{"line":13,"column":21},"end":{"line":13,"column":null}},"3":{"start":{"line":14,"column":6},"end":{"line":14,"column":null}},"4":{"start":{"line":15,"column":6},"end":{"line":15,"column":null}},"5":{"start":{"line":17,"column":6},"end":{"line":17,"column":null}},"6":{"start":{"line":21,"column":4},"end":{"line":30,"column":null}},"7":{"start":{"line":22,"column":6},"end":{"line":27,"column":null}},"8":{"start":{"line":23,"column":8},"end":{"line":23,"column":null}},"9":{"start":{"line":24,"column":8},"end":{"line":24,"column":null}},"10":{"start":{"line":26,"column":8},"end":{"line":26,"column":null}},"11":{"start":{"line":29,"column":6},"end":{"line":29,"column":null}},"12":{"start":{"line":32,"column":19},"end":{"line":32,"column":null}},"13":{"start":{"line":34,"column":4},"end":{"line":39,"column":null}}},"fnMap":{"0":{"name":"(anonymous_0)","decl":{"start":{"line":7,"column":30},"end":{"line":7,"column":37}},"loc":{"start":{"line":7,"column":69},"end":{"line":40,"column":3}},"line":7}},"branchMap":{"0":{"loc":{"start":{"line":22,"column":6},"end":{"line":27,"column":null}},"type":"if","locations":[{"start":{"line":22,"column":6},"end":{"line":27,"column":null}},{"start":{"line":25,"column":13},"end":{"line":27,"column":null}}],"line":22},"1":{"loc":{"start":{"line":32,"column":19},"end":{"line":32,"column":null}},"type":"cond-expr","locations":[{"start":{"line":32,"column":47},"end":{"line":32,"column":53}},{"start":{"line":32,"column":53},"end":{"line":32,"column":null}}],"line":32},"2":{"loc":{"start":{"line":32,"column":19},"end":{"line":32,"column":47}},"type":"binary-expr","locations":[{"start":{"line":32,"column":19},"end":{"line":32,"column":32}},{"start":{"line":32,"column":32},"end":{"line":32,"column":47}}],"line":32},"3":{"loc":{"start":{"line":35,"column":14},"end":{"line":35,"column":null}},"type":"cond-expr","locations":[{"start":{"line":35,"column":31},"end":{"line":35,"column":43}},{"start":{"line":35,"column":43},"end":{"line":35,"column":null}}],"line":35}},"s":{"0":1,"1":3,"2":3,"3":2,"4":2,"5":1,"6":3,"7":3,"8":3,"9":2,"10":0,"11":1,"12":3,"13":3},"f":{"0":3},"b":{"0":[3,0],"1":[1,2],"2":[3,2],"3":[1,2]},"meta":{"lastBranch":4,"lastFunction":1,"lastStatement":14,"seen":{"s:7:9:40:Infinity":0,"f:7:30:7:37":0,"s:12:4:18:Infinity":1,"s:13:21:13:Infinity":2,"s:14:6:14:Infinity":3,"s:15:6:15:Infinity":4,"s:17:6:17:Infinity":5,"s:21:4:30:Infinity":6,"b:22:6:27:Infinity:25:13:27:Infinity":0,"s:22:6:27:Infinity":7,"s:23:8:23:Infinity":8,"s:24:8:24:Infinity":9,"s:26:8:26:Infinity":10,"s:29:6:29:Infinity":11,"s:32:19:32:Infinity":12,"b:32:47:32:53:32:53:32:Infinity":1,"b:32:19:32:32:32:32:32:47":2,"s:34:4:39:Infinity":13,"b:35:31:35:43:35:43:35:Infinity":3}}}
,"/Users/Lawrence/Developer/Project/E-commerce/E-commerce-backend/src/controllers/order.controller.ts": {"path":"/Users/Lawrence/Developer/Project/E-commerce/E-commerce-backend/src/controllers/order.controller.ts","statementMap":{"0":{"start":{"line":7,"column":9},"end":{"line":14,"column":null}},"1":{"start":{"line":16,"column":9},"end":{"line":20,"column":null}},"2":{"start":{"line":8,"column":18},"end":{"line":8,"column":null}},"3":{"start":{"line":9,"column":21},"end":{"line":9,"column":null}},"4":{"start":{"line":12,"column":4},"end":{"line":12,"column":null}},"5":{"start":{"line":13,"column":4},"end":{"line":13,"column":null}},"6":{"start":{"line":17,"column":15},"end":{"line":17,"column":null}},"7":{"start":{"line":18,"column":18},"end":{"line":18,"column":null}},"8":{"start":{"line":19,"column":4},"end":{"line":19,"column":null}}},"fnMap":{"0":{"name":"(anonymous_0)","decl":{"start":{"line":7,"column":36},"end":{"line":7,"column":43}},"loc":{"start":{"line":7,"column":75},"end":{"line":14,"column":3}},"line":7},"1":{"name":"(anonymous_1)","decl":{"start":{"line":16,"column":37},"end":{"line":16,"column":44}},"loc":{"start":{"line":16,"column":76},"end":{"line":20,"column":3}},"line":16}},"branchMap":{},"s":{"0":1,"1":1,"2":0,"3":0,"4":0,"5":0,"6":0,"7":0,"8":0},"f":{"0":0,"1":0},"b":{},"meta":{"lastBranch":0,"lastFunction":2,"lastStatement":9,"seen":{"s:7:9:14:Infinity":0,"s:16:9:20:Infinity":1,"f:7:36:7:43":0,"s:8:18:8:Infinity":2,"s:9:21:9:Infinity":3,"s:12:4:12:Infinity":4,"s:13:4:13:Infinity":5,"f:16:37:16:44":1,"s:17:15:17:Infinity":6,"s:18:18:18:Infinity":7,"s:19:4:19:Infinity":8}}}
,"/Users/Lawrence/Developer/Project/E-commerce/E-commerce-backend/src/controllers/product.controller.ts": {"path":"/Users/Lawrence/Developer/Project/E-commerce/E-commerce-backend/src/controllers/product.controller.ts","statementMap":{"0":{"start":{"line":6,"column":9},"end":{"line":35,"column":null}},"1":{"start":{"line":8,"column":21},"end":{"line":8,"column":null}},"2":{"start":{"line":9,"column":15},"end":{"line":9,"column":null}},"3":{"start":{"line":11,"column":17},"end":{"line":11,"column":null}},"4":{"start":{"line":12,"column":18},"end":{"line":12,"column":null}},"5":{"start":{"line":13,"column":18},"end":{"line":13,"column":null}},"6":{"start":{"line":14,"column":19},"end":{"line":14,"column":null}},"7":{"start":{"line":16,"column":32},"end":{"line":23,"column":null}},"8":{"start":{"line":25,"column":4},"end":{"line":34,"column":null}}},"fnMap":{"0":{"name":"(anonymous_0)","decl":{"start":{"line":6,"column":36},"end":{"line":6,"column":43}},"loc":{"start":{"line":6,"column":75},"end":{"line":35,"column":3}},"line":6}},"branchMap":{"0":{"loc":{"start":{"line":8,"column":21},"end":{"line":8,"column":null}},"type":"binary-expr","locations":[{"start":{"line":8,"column":21},"end":{"line":8,"column":46}},{"start":{"line":8,"column":46},"end":{"line":8,"column":null}}],"line":8},"1":{"loc":{"start":{"line":9,"column":15},"end":{"line":9,"column":null}},"type":"binary-expr","locations":[{"start":{"line":9,"column":15},"end":{"line":9,"column":34}},{"start":{"line":9,"column":34},"end":{"line":9,"column":null}}],"line":9},"2":{"loc":{"start":{"line":11,"column":17},"end":{"line":11,"column":null}},"type":"binary-expr","locations":[{"start":{"line":11,"column":17},"end":{"line":11,"column":59}},{"start":{"line":11,"column":59},"end":{"line":11,"column":null}}],"line":11},"3":{"loc":{"start":{"line":12,"column":18},"end":{"line":12,"column":null}},"type":"binary-expr","locations":[{"start":{"line":12,"column":18},"end":{"line":12,"column":61}},{"start":{"line":12,"column":61},"end":{"line":12,"column":null}}],"line":12},"4":{"loc":{"start":{"line":13,"column":18},"end":{"line":13,"column":null}},"type":"binary-expr","locations":[{"start":{"line":13,"column":18},"end":{"line":13,"column":47}},{"start":{"line":13,"column":47},"end":{"line":13,"column":null}}],"line":13},"5":{"loc":{"start":{"line":14,"column":19},"end":{"line":14,"column":null}},"type":"cond-expr","locations":[{"start":{"line":14,"column":59},"end":{"line":14,"column":68}},{"start":{"line":14,"column":68},"end":{"line":14,"column":null}}],"line":14}},"s":{"0":1,"1":0,"2":0,"3":0,"4":0,"5":0,"6":0,"7":0,"8":0},"f":{"0":0},"b":{"0":[0,0],"1":[0,0],"2":[0,0],"3":[0,0],"4":[0,0],"5":[0,0]},"meta":{"lastBranch":6,"lastFunction":1,"lastStatement":9,"seen":{"s:6:9:35:Infinity":0,"f:6:36:6:43":0,"s:8:21:8:Infinity":1,"b:8:21:8:46:8:46:8:Infinity":0,"s:9:15:9:Infinity":2,"b:9:15:9:34:9:34:9:Infinity":1,"s:11:17:11:Infinity":3,"b:11:17:11:59:11:59:11:Infinity":2,"s:12:18:12:Infinity":4,"b:12:18:12:61:12:61:12:Infinity":3,"s:13:18:13:Infinity":5,"b:13:18:13:47:13:47:13:Infinity":4,"s:14:19:14:Infinity":6,"b:14:59:14:68:14:68:14:Infinity":5,"s:16:32:23:Infinity":7,"s:25:4:34:Infinity":8}}}
,"/Users/Lawrence/Developer/Project/E-commerce/E-commerce-backend/src/middlewares/error-handler.middleware.ts": {"path":"/Users/Lawrence/Developer/Project/E-commerce/E-commerce-backend/src/middlewares/error-handler.middleware.ts","statementMap":{"0":{"start":{"line":6,"column":28},"end":{"line":41,"column":null}},"1":{"start":{"line":13,"column":2},"end":{"line":19,"column":null}},"2":{"start":{"line":14,"column":4},"end":{"line":17,"column":null}},"3":{"start":{"line":18,"column":4},"end":{"line":18,"column":null}},"4":{"start":{"line":22,"column":2},"end":{"line":28,"column":null}},"5":{"start":{"line":23,"column":4},"end":{"line":26,"column":null}},"6":{"start":{"line":27,"column":4},"end":{"line":27,"column":null}},"7":{"start":{"line":31,"column":2},"end":{"line":31,"column":null}},"8":{"start":{"line":34,"column":4},"end":{"line":34,"column":null}},"9":{"start":{"line":36,"column":2},"end":{"line":40,"column":null}}},"fnMap":{"0":{"name":"(anonymous_0)","decl":{"start":{"line":6,"column":28},"end":{"line":6,"column":null}},"loc":{"start":{"line":12,"column":11},"end":{"line":41,"column":null}},"line":12}},"branchMap":{"0":{"loc":{"start":{"line":13,"column":2},"end":{"line":19,"column":null}},"type":"if","locations":[{"start":{"line":13,"column":2},"end":{"line":19,"column":null}},{"start":{},"end":{}}],"line":13},"1":{"loc":{"start":{"line":22,"column":2},"end":{"line":28,"column":null}},"type":"if","locations":[{"start":{"line":22,"column":2},"end":{"line":28,"column":null}},{"start":{},"end":{}}],"line":22},"2":{"loc":{"start":{"line":22,"column":6},"end":{"line":22,"column":51}},"type":"binary-expr","locations":[{"start":{"line":22,"column":6},"end":{"line":22,"column":36}},{"start":{"line":22,"column":36},"end":{"line":22,"column":51}}],"line":22},"3":{"loc":{"start":{"line":34,"column":4},"end":{"line":34,"column":null}},"type":"cond-expr","locations":[{"start":{"line":34,"column":34},"end":{"line":34,"column":46}},{"start":{"line":34,"column":46},"end":{"line":34,"column":null}}],"line":34},"4":{"loc":{"start":{"line":39,"column":8},"end":{"line":39,"column":null}},"type":"binary-expr","locations":[{"start":{"line":39,"column":8},"end":{"line":39,"column":39}},{"start":{"line":39,"column":39},"end":{"line":39,"column":null}}],"line":39}},"s":{"0":1,"1":0,"2":0,"3":0,"4":0,"5":0,"6":0,"7":0,"8":0,"9":0},"f":{"0":0},"b":{"0":[0,0],"1":[0,0],"2":[0,0],"3":[0,0],"4":[0,0]},"meta":{"lastBranch":5,"lastFunction":1,"lastStatement":10,"seen":{"s:6:28:41:Infinity":0,"f:6:28:6:Infinity":0,"b:13:2:19:Infinity:undefined:undefined:undefined:undefined":0,"s:13:2:19:Infinity":1,"s:14:4:17:Infinity":2,"s:18:4:18:Infinity":3,"b:22:2:28:Infinity:undefined:undefined:undefined:undefined":1,"s:22:2:28:Infinity":4,"b:22:6:22:36:22:36:22:51":2,"s:23:4:26:Infinity":5,"s:27:4:27:Infinity":6,"s:31:2:31:Infinity":7,"s:34:4:34:Infinity":8,"b:34:34:34:46:34:46:34:Infinity":3,"s:36:2:40:Infinity":9,"b:39:8:39:39:39:39:39:Infinity":4}}}
,"/Users/Lawrence/Developer/Project/E-commerce/E-commerce-backend/src/middlewares/validate.middleware.ts": {"path":"/Users/Lawrence/Developer/Project/E-commerce/E-commerce-backend/src/middlewares/validate.middleware.ts","statementMap":{"0":{"start":{"line":4,"column":24},"end":{"line":21,"column":null}},"1":{"start":{"line":5,"column":2},"end":{"line":20,"column":null}},"2":{"start":{"line":6,"column":4},"end":{"line":19,"column":null}},"3":{"start":{"line":7,"column":6},"end":{"line":7,"column":null}},"4":{"start":{"line":8,"column":6},"end":{"line":8,"column":null}},"5":{"start":{"line":10,"column":6},"end":{"line":18,"column":null}},"6":{"start":{"line":11,"column":8},"end":{"line":15,"column":null}},"7":{"start":{"line":17,"column":8},"end":{"line":17,"column":null}}},"fnMap":{"0":{"name":"(anonymous_0)","decl":{"start":{"line":4,"column":24},"end":{"line":4,"column":25}},"loc":{"start":{"line":4,"column":47},"end":{"line":21,"column":null}},"line":4},"1":{"name":"(anonymous_1)","decl":{"start":{"line":5,"column":9},"end":{"line":5,"column":10}},"loc":{"start":{"line":5,"column":68},"end":{"line":20,"column":null}},"line":5}},"branchMap":{"0":{"loc":{"start":{"line":10,"column":6},"end":{"line":18,"column":null}},"type":"if","locations":[{"start":{"line":10,"column":6},"end":{"line":18,"column":null}},{"start":{"line":16,"column":13},"end":{"line":18,"column":null}}],"line":10}},"s":{"0":1,"1":6,"2":0,"3":0,"4":0,"5":0,"6":0,"7":0},"f":{"0":6,"1":0},"b":{"0":[0,0]},"meta":{"lastBranch":1,"lastFunction":2,"lastStatement":8,"seen":{"s:4:24:21:Infinity":0,"f:4:24:4:25":0,"s:5:2:20:Infinity":1,"f:5:9:5:10":1,"s:6:4:19:Infinity":2,"s:7:6:7:Infinity":3,"s:8:6:8:Infinity":4,"b:10:6:18:Infinity:16:13:18:Infinity":0,"s:10:6:18:Infinity":5,"s:11:8:15:Infinity":6,"s:17:8:17:Infinity":7}}}
,"/Users/Lawrence/Developer/Project/E-commerce/E-commerce-backend/src/repositories/order.repository.ts": {"path":"/Users/Lawrence/Developer/Project/E-commerce/E-commerce-backend/src/repositories/order.repository.ts","statementMap":{"0":{"start":{"line":6,"column":18},"end":{"line":6,"column":null}},"1":{"start":{"line":9,"column":19},"end":{"line":21,"column":null}},"2":{"start":{"line":23,"column":19},"end":{"line":23,"column":null}},"3":{"start":{"line":24,"column":4},"end":{"line":24,"column":null}},"4":{"start":{"line":28,"column":19},"end":{"line":30,"column":null}},"5":{"start":{"line":31,"column":4},"end":{"line":31,"column":null}}},"fnMap":{"0":{"name":"(anonymous_0)","decl":{"start":{"line":5,"column":15},"end":{"line":5,"column":27}},"loc":{"start":{"line":5,"column":72},"end":{"line":25,"column":null}},"line":5},"1":{"name":"(anonymous_1)","decl":{"start":{"line":27,"column":15},"end":{"line":27,"column":28}},"loc":{"start":{"line":27,"column":58},"end":{"line":32,"column":null}},"line":27}},"branchMap":{"0":{"loc":{"start":{"line":14,"column":6},"end":{"line":14,"column":null}},"type":"binary-expr","locations":[{"start":{"line":14,"column":6},"end":{"line":14,"column":41}},{"start":{"line":14,"column":41},"end":{"line":14,"column":null}}],"line":14},"1":{"loc":{"start":{"line":15,"column":6},"end":{"line":15,"column":null}},"type":"binary-expr","locations":[{"start":{"line":15,"column":6},"end":{"line":15,"column":42}},{"start":{"line":15,"column":42},"end":{"line":15,"column":null}}],"line":15}},"s":{"0":0,"1":0,"2":0,"3":0,"4":0,"5":0},"f":{"0":1,"1":1},"b":{"0":[0,0],"1":[0,0]},"meta":{"lastBranch":2,"lastFunction":2,"lastStatement":6,"seen":{"f:5:15:5:27":0,"s:6:18:6:Infinity":0,"s:9:19:21:Infinity":1,"b:14:6:14:41:14:41:14:Infinity":0,"b:15:6:15:42:15:42:15:Infinity":1,"s:23:19:23:Infinity":2,"s:24:4:24:Infinity":3,"f:27:15:27:28":1,"s:28:19:30:Infinity":4,"s:31:4:31:Infinity":5}}}
,"/Users/Lawrence/Developer/Project/E-commerce/E-commerce-backend/src/repositories/product.repository.ts": {"path":"/Users/Lawrence/Developer/Project/E-commerce/E-commerce-backend/src/repositories/product.repository.ts","statementMap":{"0":{"start":{"line":24,"column":8},"end":{"line":24,"column":null}},"1":{"start":{"line":26,"column":16},"end":{"line":26,"column":null}},"2":{"start":{"line":27,"column":21},"end":{"line":27,"column":null}},"3":{"start":{"line":28,"column":30},"end":{"line":28,"column":null}},"4":{"start":{"line":29,"column":21},"end":{"line":29,"column":null}},"5":{"start":{"line":32,"column":4},"end":{"line":42,"column":null}},"6":{"start":{"line":33,"column":6},"end":{"line":33,"column":null}},"7":{"start":{"line":34,"column":6},"end":{"line":34,"column":null}},"8":{"start":{"line":35,"column":6},"end":{"line":35,"column":null}},"9":{"start":{"line":36,"column":6},"end":{"line":36,"column":null}},"10":{"start":{"line":37,"column":4},"end":{"line":42,"column":null}},"11":{"start":{"line":38,"column":6},"end":{"line":38,"column":null}},"12":{"start":{"line":39,"column":6},"end":{"line":39,"column":null}},"13":{"start":{"line":40,"column":6},"end":{"line":40,"column":null}},"14":{"start":{"line":41,"column":6},"end":{"line":41,"column":null}},"15":{"start":{"line":45,"column":29},"end":{"line":45,"column":null}},"16":{"start":{"line":46,"column":23},"end":{"line":46,"column":null}},"17":{"start":{"line":47,"column":22},"end":{"line":47,"column":null}},"18":{"start":{"line":50,"column":4},"end":{"line":50,"column":null}},"19":{"start":{"line":53,"column":10},"end":{"line":53,"column":null}},"20":{"start":{"line":54,"column":4},"end":{"line":54,"column":null}},"21":{"start":{"line":55,"column":4},"end":{"line":55,"column":null}},"22":{"start":{"line":57,"column":34},"end":{"line":60,"column":null}},"23":{"start":{"line":62,"column":21},"end":{"line":62,"column":null}},"24":{"start":{"line":64,"column":4},"end":{"line":67,"column":null}}},"fnMap":{"0":{"name":"(anonymous_0)","decl":{"start":{"line":14,"column":15},"end":{"line":14,"column":null}},"loc":{"start":{"line":16,"column":53},"end":{"line":68,"column":null}},"line":16}},"branchMap":{"0":{"loc":{"start":{"line":20,"column":6},"end":{"line":20,"column":null}},"type":"default-arg","locations":[{"start":{"line":20,"column":13},"end":{"line":20,"column":null}}],"line":20},"1":{"loc":{"start":{"line":21,"column":6},"end":{"line":21,"column":null}},"type":"default-arg","locations":[{"start":{"line":21,"column":14},"end":{"line":21,"column":null}}],"line":21},"2":{"loc":{"start":{"line":22,"column":6},"end":{"line":22,"column":null}},"type":"default-arg","locations":[{"start":{"line":22,"column":13},"end":{"line":22,"column":null}}],"line":22},"3":{"loc":{"start":{"line":23,"column":6},"end":{"line":23,"column":null}},"type":"default-arg","locations":[{"start":{"line":23,"column":14},"end":{"line":23,"column":null}}],"line":23},"4":{"loc":{"start":{"line":32,"column":4},"end":{"line":42,"column":null}},"type":"if","locations":[{"start":{"line":32,"column":4},"end":{"line":42,"column":null}},{"start":{"line":37,"column":4},"end":{"line":42,"column":null}}],"line":32},"5":{"loc":{"start":{"line":32,"column":8},"end":{"line":32,"column":24}},"type":"binary-expr","locations":[{"start":{"line":32,"column":8},"end":{"line":32,"column":20}},{"start":{"line":32,"column":20},"end":{"line":32,"column":24}}],"line":32},"6":{"loc":{"start":{"line":37,"column":4},"end":{"line":42,"column":null}},"type":"if","locations":[{"start":{"line":37,"column":4},"end":{"line":42,"column":null}},{"start":{},"end":{}}],"line":37},"7":{"loc":{"start":{"line":37,"column":15},"end":{"line":37,"column":47}},"type":"binary-expr","locations":[{"start":{"line":37,"column":15},"end":{"line":37,"column":27}},{"start":{"line":37,"column":27},"end":{"line":37,"column":47}}],"line":37},"8":{"loc":{"start":{"line":46,"column":23},"end":{"line":46,"column":null}},"type":"cond-expr","locations":[{"start":{"line":46,"column":57},"end":{"line":46,"column":64}},{"start":{"line":46,"column":64},"end":{"line":46,"column":null}}],"line":46},"9":{"loc":{"start":{"line":47,"column":22},"end":{"line":47,"column":null}},"type":"cond-expr","locations":[{"start":{"line":47,"column":41},"end":{"line":47,"column":50}},{"start":{"line":47,"column":50},"end":{"line":47,"column":null}}],"line":47}},"s":{"0":0,"1":0,"2":0,"3":0,"4":0,"5":0,"6":0,"7":0,"8":0,"9":0,"10":0,"11":0,"12":0,"13":0,"14":0,"15":0,"16":0,"17":0,"18":0,"19":0,"20":0,"21":0,"22":0,"23":0,"24":0},"f":{"0":1},"b":{"0":[0],"1":[0],"2":[0],"3":[0],"4":[0,0],"5":[0,0],"6":[0,0],"7":[0,0],"8":[0,0],"9":[0,0]},"meta":{"lastBranch":10,"lastFunction":1,"lastStatement":25,"seen":{"f:14:15:14:Infinity":0,"s:24:8:24:Infinity":0,"b:20:13:20:Infinity":0,"b:21:14:21:Infinity":1,"b:22:13:22:Infinity":2,"b:23:14:23:Infinity":3,"s:26:16:26:Infinity":1,"s:27:21:27:Infinity":2,"s:28:30:28:Infinity":3,"s:29:21:29:Infinity":4,"b:32:4:42:Infinity:37:4:42:Infinity":4,"s:32:4:42:Infinity":5,"b:32:8:32:20:32:20:32:24":5,"s:33:6:33:Infinity":6,"s:34:6:34:Infinity":7,"s:35:6:35:Infinity":8,"s:36:6:36:Infinity":9,"b:37:4:42:Infinity:undefined:undefined:undefined:undefined":6,"s:37:4:42:Infinity":10,"b:37:15:37:27:37:27:37:47":7,"s:38:6:38:Infinity":11,"s:39:6:39:Infinity":12,"s:40:6:40:Infinity":13,"s:41:6:41:Infinity":14,"s:45:29:45:Infinity":15,"s:46:23:46:Infinity":16,"b:46:57:46:64:46:64:46:Infinity":8,"s:47:22:47:Infinity":17,"b:47:41:47:50:47:50:47:Infinity":9,"s:50:4:50:Infinity":18,"s:53:10:53:Infinity":19,"s:54:4:54:Infinity":20,"s:55:4:55:Infinity":21,"s:57:34:60:Infinity":22,"s:62:21:62:Infinity":23,"s:64:4:67:Infinity":24}}}
,"/Users/Lawrence/Developer/Project/E-commerce/E-commerce-backend/src/repositories/user.repository.ts": {"path":"/Users/Lawrence/Developer/Project/E-commerce/E-commerce-backend/src/repositories/user.repository.ts","statementMap":{"0":{"start":{"line":6,"column":19},"end":{"line":8,"column":null}},"1":{"start":{"line":9,"column":4},"end":{"line":9,"column":null}},"2":{"start":{"line":13,"column":19},"end":{"line":16,"column":null}},"3":{"start":{"line":17,"column":4},"end":{"line":17,"column":null}}},"fnMap":{"0":{"name":"(anonymous_0)","decl":{"start":{"line":5,"column":15},"end":{"line":5,"column":27}},"loc":{"start":{"line":5,"column":69},"end":{"line":10,"column":null}},"line":5},"1":{"name":"(anonymous_1)","decl":{"start":{"line":12,"column":15},"end":{"line":12,"column":22}},"loc":{"start":{"line":12,"column":74},"end":{"line":18,"column":null}},"line":12}},"branchMap":{},"s":{"0":0,"1":0,"2":0,"3":0},"f":{"0":1,"1":1},"b":{},"meta":{"lastBranch":0,"lastFunction":2,"lastStatement":4,"seen":{"f:5:15:5:27":0,"s:6:19:8:Infinity":0,"s:9:4:9:Infinity":1,"f:12:15:12:22":1,"s:13:19:16:Infinity":2,"s:17:4:17:Infinity":3}}}
,"/Users/Lawrence/Developer/Project/E-commerce/E-commerce-backend/src/routes/auth.routes.ts": {"path":"/Users/Lawrence/Developer/Project/E-commerce/E-commerce-backend/src/routes/auth.routes.ts","statementMap":{"0":{"start":{"line":6,"column":6},"end":{"line":6,"column":null}},"1":{"start":{"line":38,"column":0},"end":{"line":38,"column":null}},"2":{"start":{"line":74,"column":0},"end":{"line":74,"column":null}}},"fnMap":{},"branchMap":{},"s":{"0":1,"1":1,"2":1},"f":{},"b":{},"meta":{"lastBranch":0,"lastFunction":0,"lastStatement":3,"seen":{"s:6:6:6:Infinity":0,"s:38:0:38:Infinity":1,"s:74:0:74:Infinity":2}}}
,"/Users/Lawrence/Developer/Project/E-commerce/E-commerce-backend/src/routes/cart.routes.ts": {"path":"/Users/Lawrence/Developer/Project/E-commerce/E-commerce-backend/src/routes/cart.routes.ts","statementMap":{"0":{"start":{"line":10,"column":6},"end":{"line":10,"column":null}},"1":{"start":{"line":12,"column":0},"end":{"line":12,"column":null}},"2":{"start":{"line":13,"column":0},"end":{"line":13,"column":null}},"3":{"start":{"line":14,"column":0},"end":{"line":14,"column":null}},"4":{"start":{"line":15,"column":0},"end":{"line":15,"column":null}},"5":{"start":{"line":16,"column":0},"end":{"line":16,"column":null}}},"fnMap":{},"branchMap":{},"s":{"0":1,"1":1,"2":1,"3":1,"4":1,"5":1},"f":{},"b":{},"meta":{"lastBranch":0,"lastFunction":0,"lastStatement":6,"seen":{"s:10:6:10:Infinity":0,"s:12:0:12:Infinity":1,"s:13:0:13:Infinity":2,"s:14:0:14:Infinity":3,"s:15:0:15:Infinity":4,"s:16:0:16:Infinity":5}}}
,"/Users/Lawrence/Developer/Project/E-commerce/E-commerce-backend/src/routes/index.ts": {"path":"/Users/Lawrence/Developer/Project/E-commerce/E-commerce-backend/src/routes/index.ts","statementMap":{"0":{"start":{"line":9,"column":6},"end":{"line":9,"column":null}},"1":{"start":{"line":12,"column":0},"end":{"line":12,"column":null}},"2":{"start":{"line":13,"column":0},"end":{"line":13,"column":null}},"3":{"start":{"line":14,"column":0},"end":{"line":14,"column":null}},"4":{"start":{"line":15,"column":0},"end":{"line":15,"column":null}},"5":{"start":{"line":16,"column":0},"end":{"line":16,"column":null}},"6":{"start":{"line":17,"column":0},"end":{"line":17,"column":null}},"7":{"start":{"line":20,"column":0},"end":{"line":20,"column":null}}},"fnMap":{},"branchMap":{},"s":{"0":1,"1":1,"2":1,"3":1,"4":1,"5":1,"6":1,"7":1},"f":{},"b":{},"meta":{"lastBranch":0,"lastFunction":0,"lastStatement":8,"seen":{"s:9:6:9:Infinity":0,"s:12:0:12:Infinity":1,"s:13:0:13:Infinity":2,"s:14:0:14:Infinity":3,"s:15:0:15:Infinity":4,"s:16:0:16:Infinity":5,"s:17:0:17:Infinity":6,"s:20:0:20:Infinity":7}}}
,"/Users/Lawrence/Developer/Project/E-commerce/E-commerce-backend/src/routes/order.routes.ts": {"path":"/Users/Lawrence/Developer/Project/E-commerce/E-commerce-backend/src/routes/order.routes.ts","statementMap":{"0":{"start":{"line":6,"column":6},"end":{"line":6,"column":null}},"1":{"start":{"line":8,"column":0},"end":{"line":8,"column":null}},"2":{"start":{"line":9,"column":0},"end":{"line":9,"column":null}}},"fnMap":{},"branchMap":{},"s":{"0":1,"1":1,"2":1},"f":{},"b":{},"meta":{"lastBranch":0,"lastFunction":0,"lastStatement":3,"seen":{"s:6:6:6:Infinity":0,"s:8:0:8:Infinity":1,"s:9:0:9:Infinity":2}}}
,"/Users/Lawrence/Developer/Project/E-commerce/E-commerce-backend/src/routes/product.routes.ts": {"path":"/Users/Lawrence/Developer/Project/E-commerce/E-commerce-backend/src/routes/product.routes.ts","statementMap":{"0":{"start":{"line":4,"column":6},"end":{"line":4,"column":null}},"1":{"start":{"line":36,"column":0},"end":{"line":36,"column":null}},"2":{"start":{"line":39,"column":0},"end":{"line":39,"column":null}}},"fnMap":{},"branchMap":{},"s":{"0":1,"1":1,"2":1},"f":{},"b":{},"meta":{"lastBranch":0,"lastFunction":0,"lastStatement":3,"seen":{"s:4:6:4:Infinity":0,"s:36:0:36:Infinity":1,"s:39:0:39:Infinity":2}}}
,"/Users/Lawrence/Developer/Project/E-commerce/E-commerce-backend/src/schemas/auth.schema.ts": {"path":"/Users/Lawrence/Developer/Project/E-commerce/E-commerce-backend/src/schemas/auth.schema.ts","statementMap":{"0":{"start":{"line":3,"column":30},"end":{"line":6,"column":null}},"1":{"start":{"line":8,"column":27},"end":{"line":11,"column":null}}},"fnMap":{},"branchMap":{},"s":{"0":1,"1":1},"f":{},"b":{},"meta":{"lastBranch":0,"lastFunction":0,"lastStatement":2,"seen":{"s:3:30:6:Infinity":0,"s:8:27:11:Infinity":1}}}
,"/Users/Lawrence/Developer/Project/E-commerce/E-commerce-backend/src/schemas/cart.schema.ts": {"path":"/Users/Lawrence/Developer/Project/E-commerce/E-commerce-backend/src/schemas/cart.schema.ts","statementMap":{"0":{"start":{"line":4,"column":30},"end":{"line":8,"column":null}},"1":{"start":{"line":10,"column":36},"end":{"line":15,"column":null}},"2":{"start":{"line":18,"column":32},"end":{"line":18,"column":null}}},"fnMap":{},"branchMap":{},"s":{"0":1,"1":1,"2":1},"f":{},"b":{},"meta":{"lastBranch":0,"lastFunction":0,"lastStatement":3,"seen":{"s:4:30:8:Infinity":0,"s:10:36:15:Infinity":1,"s:18:32:18:Infinity":2}}}
,"/Users/Lawrence/Developer/Project/E-commerce/E-commerce-backend/src/schemas/order.schema.ts": {"path":"/Users/Lawrence/Developer/Project/E-commerce/E-commerce-backend/src/schemas/order.schema.ts","statementMap":{"0":{"start":{"line":4,"column":24},"end":{"line":8,"column":null}},"1":{"start":{"line":10,"column":28},"end":{"line":15,"column":null}},"2":{"start":{"line":18,"column":26},"end":{"line":22,"column":null}},"3":{"start":{"line":25,"column":27},"end":{"line":32,"column":null}}},"fnMap":{},"branchMap":{},"s":{"0":1,"1":1,"2":1,"3":1},"f":{},"b":{},"meta":{"lastBranch":0,"lastFunction":0,"lastStatement":4,"seen":{"s:4:24:8:Infinity":0,"s:10:28:15:Infinity":1,"s:18:26:22:Infinity":2,"s:25:27:32:Infinity":3}}}
,"/Users/Lawrence/Developer/Project/E-commerce/E-commerce-backend/src/services/auth.service.ts": {"path":"/Users/Lawrence/Developer/Project/E-commerce/E-commerce-backend/src/services/auth.service.ts","statementMap":{"0":{"start":{"line":8,"column":25},"end":{"line":8,"column":null}},"1":{"start":{"line":9,"column":4},"end":{"line":11,"column":null}},"2":{"start":{"line":10,"column":6},"end":{"line":10,"column":null}},"3":{"start":{"line":13,"column":25},"end":{"line":13,"column":null}},"4":{"start":{"line":14,"column":20},"end":{"line":14,"column":null}},"5":{"start":{"line":17,"column":4},"end":{"line":21,"column":null}},"6":{"start":{"line":25,"column":17},"end":{"line":25,"column":null}},"7":{"start":{"line":27,"column":4},"end":{"line":29,"column":null}},"8":{"start":{"line":28,"column":6},"end":{"line":28,"column":null}},"9":{"start":{"line":31,"column":18},"end":{"line":35,"column":null}},"10":{"start":{"line":37,"column":4},"end":{"line":44,"column":null}}},"fnMap":{"0":{"name":"(anonymous_0)","decl":{"start":{"line":7,"column":15},"end":{"line":7,"column":24}},"loc":{"start":{"line":7,"column":57},"end":{"line":22,"column":null}},"line":7},"1":{"name":"(anonymous_1)","decl":{"start":{"line":24,"column":15},"end":{"line":24,"column":21}},"loc":{"start":{"line":24,"column":54},"end":{"line":45,"column":null}},"line":24}},"branchMap":{"0":{"loc":{"start":{"line":9,"column":4},"end":{"line":11,"column":null}},"type":"if","locations":[{"start":{"line":9,"column":4},"end":{"line":11,"column":null}},{"start":{},"end":{}}],"line":9},"1":{"loc":{"start":{"line":27,"column":4},"end":{"line":29,"column":null}},"type":"if","locations":[{"start":{"line":27,"column":4},"end":{"line":29,"column":null}},{"start":{},"end":{}}],"line":27},"2":{"loc":{"start":{"line":27,"column":8},"end":{"line":27,"column":71}},"type":"binary-expr","locations":[{"start":{"line":27,"column":8},"end":{"line":27,"column":17}},{"start":{"line":27,"column":17},"end":{"line":27,"column":71}}],"line":27}},"s":{"0":0,"1":0,"2":0,"3":0,"4":0,"5":0,"6":0,"7":0,"8":0,"9":0,"10":0},"f":{"0":1,"1":1},"b":{"0":[0,0],"1":[0,0],"2":[0,0]},"meta":{"lastBranch":3,"lastFunction":2,"lastStatement":11,"seen":{"f:7:15:7:24":0,"s:8:25:8:Infinity":0,"b:9:4:11:Infinity:undefined:undefined:undefined:undefined":0,"s:9:4:11:Infinity":1,"s:10:6:10:Infinity":2,"s:13:25:13:Infinity":3,"s:14:20:14:Infinity":4,"s:17:4:21:Infinity":5,"f:24:15:24:21":1,"s:25:17:25:Infinity":6,"b:27:4:29:Infinity:undefined:undefined:undefined:undefined":1,"s:27:4:29:Infinity":7,"b:27:8:27:17:27:17:27:71":2,"s:28:6:28:Infinity":8,"s:31:18:35:Infinity":9,"s:37:4:44:Infinity":10}}}
,"/Users/Lawrence/Developer/Project/E-commerce/E-commerce-backend/src/services/cart.service.ts": {"path":"/Users/Lawrence/Developer/Project/E-commerce/E-commerce-backend/src/services/cart.service.ts","statementMap":{"0":{"start":{"line":8,"column":23},"end":{"line":8,"column":null}},"1":{"start":{"line":10,"column":4},"end":{"line":23,"column":null}},"2":{"start":{"line":11,"column":20},"end":{"line":13,"column":null}},"3":{"start":{"line":12,"column":18},"end":{"line":12,"column":null}},"4":{"start":{"line":15,"column":6},"end":{"line":22,"column":null}},"5":{"start":{"line":17,"column":8},"end":{"line":19,"column":null}},"6":{"start":{"line":18,"column":10},"end":{"line":18,"column":null}},"7":{"start":{"line":21,"column":8},"end":{"line":21,"column":null}},"8":{"start":{"line":25,"column":4},"end":{"line":25,"column":null}}},"fnMap":{"0":{"name":"(anonymous_0)","decl":{"start":{"line":4,"column":9},"end":{"line":4,"column":null}},"loc":{"start":{"line":7,"column":16},"end":{"line":26,"column":null}},"line":7},"1":{"name":"(anonymous_1)","decl":{"start":{"line":10,"column":24},"end":{"line":10,"column":25}},"loc":{"start":{"line":10,"column":41},"end":{"line":23,"column":5}},"line":10},"2":{"name":"(anonymous_2)","decl":{"start":{"line":12,"column":8},"end":{"line":12,"column":9}},"loc":{"start":{"line":12,"column":18},"end":{"line":12,"column":null}},"line":12}},"branchMap":{"0":{"loc":{"start":{"line":15,"column":6},"end":{"line":22,"column":null}},"type":"if","locations":[{"start":{"line":15,"column":6},"end":{"line":22,"column":null}},{"start":{"line":20,"column":13},"end":{"line":22,"column":null}}],"line":15},"1":{"loc":{"start":{"line":17,"column":8},"end":{"line":19,"column":null}},"type":"if","locations":[{"start":{"line":17,"column":8},"end":{"line":19,"column":null}},{"start":{},"end":{}}],"line":17}},"s":{"0":5,"1":5,"2":3,"3":2,"4":3,"5":1,"6":1,"7":2,"8":5},"f":{"0":2,"1":3,"2":2},"b":{"0":[1,2],"1":[1,0]},"meta":{"lastBranch":2,"lastFunction":3,"lastStatement":9,"seen":{"f:4:9:4:Infinity":0,"s:8:23:8:Infinity":0,"s:10:4:23:Infinity":1,"f:10:24:10:25":1,"s:11:20:13:Infinity":2,"f:12:8:12:9":2,"s:12:18:12:Infinity":3,"b:15:6:22:Infinity:20:13:22:Infinity":0,"s:15:6:22:Infinity":4,"b:17:8:19:Infinity:undefined:undefined:undefined:undefined":1,"s:17:8:19:Infinity":5,"s:18:10:18:Infinity":6,"s:21:8:21:Infinity":7,"s:25:4:25:Infinity":8}}}
,"/Users/Lawrence/Developer/Project/E-commerce/E-commerce-backend/src/services/order.service.ts": {"path":"/Users/Lawrence/Developer/Project/E-commerce/E-commerce-backend/src/services/order.service.ts","statementMap":{"0":{"start":{"line":6,"column":20},"end":{"line":6,"column":null}},"1":{"start":{"line":7,"column":10},"end":{"line":7,"column":null}},"2":{"start":{"line":9,"column":4},"end":{"line":9,"column":null}},"3":{"start":{"line":13,"column":4},"end":{"line":13,"column":null}}},"fnMap":{"0":{"name":"(anonymous_0)","decl":{"start":{"line":5,"column":15},"end":{"line":5,"column":27}},"loc":{"start":{"line":5,"column":41},"end":{"line":10,"column":null}},"line":5},"1":{"name":"(anonymous_1)","decl":{"start":{"line":12,"column":15},"end":{"line":12,"column":28}},"loc":{"start":{"line":12,"column":40},"end":{"line":14,"column":null}},"line":12}},"branchMap":{},"s":{"0":0,"1":0,"2":0,"3":0},"f":{"0":1,"1":1},"b":{},"meta":{"lastBranch":0,"lastFunction":2,"lastStatement":4,"seen":{"f:5:15:5:27":0,"s:6:20:6:Infinity":0,"s:7:10:7:Infinity":1,"s:9:4:9:Infinity":2,"f:12:15:12:28":1,"s:13:4:13:Infinity":3}}}
,"/Users/Lawrence/Developer/Project/E-commerce/E-commerce-backend/src/services/product.service.ts": {"path":"/Users/Lawrence/Developer/Project/E-commerce/E-commerce-backend/src/services/product.service.ts","statementMap":{"0":{"start":{"line":19,"column":21},"end":{"line":19,"column":null}},"1":{"start":{"line":21,"column":4},"end":{"line":34,"column":null}},"2":{"start":{"line":22,"column":6},"end":{"line":31,"column":null}},"3":{"start":{"line":23,"column":27},"end":{"line":23,"column":null}},"4":{"start":{"line":24,"column":8},"end":{"line":30,"column":null}},"5":{"start":{"line":25,"column":10},"end":{"line":25,"column":null}},"6":{"start":{"line":26,"column":10},"end":{"line":26,"column":null}},"7":{"start":{"line":33,"column":6},"end":{"line":33,"column":null}},"8":{"start":{"line":36,"column":4},"end":{"line":36,"column":null}},"9":{"start":{"line":37,"column":19},"end":{"line":37,"column":null}},"10":{"start":{"line":39,"column":4},"end":{"line":46,"column":null}},"11":{"start":{"line":40,"column":6},"end":{"line":43,"column":null}},"12":{"start":{"line":42,"column":8},"end":{"line":42,"column":null}},"13":{"start":{"line":45,"column":6},"end":{"line":45,"column":null}},"14":{"start":{"line":48,"column":4},"end":{"line":48,"column":null}}},"fnMap":{"0":{"name":"(anonymous_0)","decl":{"start":{"line":16,"column":15},"end":{"line":16,"column":null}},"loc":{"start":{"line":18,"column":53},"end":{"line":49,"column":null}},"line":18}},"branchMap":{"0":{"loc":{"start":{"line":22,"column":6},"end":{"line":31,"column":null}},"type":"if","locations":[{"start":{"line":22,"column":6},"end":{"line":31,"column":null}},{"start":{},"end":{}}],"line":22},"1":{"loc":{"start":{"line":24,"column":8},"end":{"line":30,"column":null}},"type":"if","locations":[{"start":{"line":24,"column":8},"end":{"line":30,"column":null}},{"start":{},"end":{}}],"line":24},"2":{"loc":{"start":{"line":40,"column":6},"end":{"line":43,"column":null}},"type":"if","locations":[{"start":{"line":40,"column":6},"end":{"line":43,"column":null}},{"start":{},"end":{}}],"line":40}},"s":{"0":0,"1":0,"2":0,"3":0,"4":0,"5":0,"6":0,"7":0,"8":0,"9":0,"10":0,"11":0,"12":0,"13":0,"14":0},"f":{"0":1},"b":{"0":[0,0],"1":[0,0],"2":[0,0]},"meta":{"lastBranch":3,"lastFunction":1,"lastStatement":15,"seen":{"f:16:15:16:Infinity":0,"s:19:21:19:Infinity":0,"s:21:4:34:Infinity":1,"b:22:6:31:Infinity:undefined:undefined:undefined:undefined":0,"s:22:6:31:Infinity":2,"s:23:27:23:Infinity":3,"b:24:8:30:Infinity:undefined:undefined:undefined:undefined":1,"s:24:8:30:Infinity":4,"s:25:10:25:Infinity":5,"s:26:10:26:Infinity":6,"s:33:6:33:Infinity":7,"s:36:4:36:Infinity":8,"s:37:19:37:Infinity":9,"s:39:4:46:Infinity":10,"b:40:6:43:Infinity:undefined:undefined:undefined:undefined":2,"s:40:6:43:Infinity":11,"s:42:8:42:Infinity":12,"s:45:6:45:Infinity":13,"s:48:4:48:Infinity":14}}}
,"/Users/Lawrence/Developer/Project/E-commerce/E-commerce-backend/src/utils/api-error.ts": {"path":"/Users/Lawrence/Developer/Project/E-commerce/E-commerce-backend/src/utils/api-error.ts","statementMap":{"0":{"start":{"line":9,"column":4},"end":{"line":9,"column":null}},"1":{"start":{"line":5,"column":11},"end":{"line":5,"column":null}},"2":{"start":{"line":6,"column":11},"end":{"line":6,"column":null}},"3":{"start":{"line":7,"column":11},"end":{"line":7,"column":27}},"4":{"start":{"line":10,"column":4},"end":{"line":10,"column":null}},"5":{"start":{"line":11,"column":4},"end":{"line":11,"column":null}}},"fnMap":{"0":{"name":"(anonymous_0)","decl":{"start":{"line":4,"column":2},"end":{"line":4,"column":null}},"loc":{"start":{"line":8,"column":4},"end":{"line":12,"column":null}},"line":8}},"branchMap":{"0":{"loc":{"start":{"line":7,"column":11},"end":{"line":7,"column":null}},"type":"default-arg","locations":[{"start":{"line":7,"column":27},"end":{"line":7,"column":null}}],"line":7}},"s":{"0":2,"1":2,"2":2,"3":2,"4":2,"5":2},"f":{"0":2},"b":{"0":[2]},"meta":{"lastBranch":1,"lastFunction":1,"lastStatement":6,"seen":{"f:4:2:4:Infinity":0,"b:7:27:7:Infinity":0,"s:9:4:9:Infinity":0,"s:5:11:5:Infinity":1,"s:6:11:6:Infinity":2,"s:7:11:7:27":3,"s:10:4:10:Infinity":4,"s:11:4:11:Infinity":5}}}
,"/Users/Lawrence/Developer/Project/E-commerce/E-commerce-backend/src/utils/async-handler.ts": {"path":"/Users/Lawrence/Developer/Project/E-commerce/E-commerce-backend/src/utils/async-handler.ts","statementMap":{"0":{"start":{"line":3,"column":28},"end":{"line":9,"column":null}},"1":{"start":{"line":6,"column":2},"end":{"line":8,"column":null}},"2":{"start":{"line":7,"column":4},"end":{"line":7,"column":null}}},"fnMap":{"0":{"name":"(anonymous_0)","decl":{"start":{"line":3,"column":28},"end":{"line":3,"column":null}},"loc":{"start":{"line":5,"column":21},"end":{"line":9,"column":null}},"line":5},"1":{"name":"(anonymous_1)","decl":{"start":{"line":6,"column":9},"end":{"line":6,"column":10}},"loc":{"start":{"line":6,"column":29},"end":{"line":8,"column":null}},"line":6}},"branchMap":{},"s":{"0":1,"1":6,"2":3},"f":{"0":6,"1":3},"b":{},"meta":{"lastBranch":0,"lastFunction":2,"lastStatement":3,"seen":{"s:3:28:9:Infinity":0,"f:3:28:3:Infinity":0,"s:6:2:8:Infinity":1,"f:6:9:6:10":1,"s:7:4:7:Infinity":2}}}
,"/Users/Lawrence/Developer/Project/E-commerce/E-commerce-backend/src/utils/jwt.ts": {"path":"/Users/Lawrence/Developer/Project/E-commerce/E-commerce-backend/src/utils/jwt.ts","statementMap":{"0":{"start":{"line":3,"column":19},"end":{"line":5,"column":null}},"1":{"start":{"line":13,"column":29},"end":{"line":22,"column":null}},"2":{"start":{"line":17,"column":2},"end":{"line":21,"column":null}},"3":{"start":{"line":24,"column":27},"end":{"line":27,"column":null}},"4":{"start":{"line":25,"column":22},"end":{"line":25,"column":null}},"5":{"start":{"line":26,"column":2},"end":{"line":26,"column":null}}},"fnMap":{"0":{"name":"(anonymous_0)","decl":{"start":{"line":13,"column":29},"end":{"line":13,"column":null}},"loc":{"start":{"line":16,"column":22},"end":{"line":22,"column":null}},"line":16},"1":{"name":"(anonymous_1)","decl":{"start":{"line":24,"column":27},"end":{"line":24,"column":34}},"loc":{"start":{"line":24,"column":77},"end":{"line":27,"column":null}},"line":24}},"branchMap":{"0":{"loc":{"start":{"line":4,"column":2},"end":{"line":4,"column":null}},"type":"binary-expr","locations":[{"start":{"line":4,"column":2},"end":{"line":4,"column":32}},{"start":{"line":4,"column":32},"end":{"line":4,"column":null}}],"line":4},"1":{"loc":{"start":{"line":15,"column":2},"end":{"line":15,"column":null}},"type":"default-arg","locations":[{"start":{"line":15,"column":22},"end":{"line":15,"column":null}}],"line":15}},"s":{"0":1,"1":1,"2":0,"3":1,"4":0,"5":0},"f":{"0":0,"1":0},"b":{"0":[1,0],"1":[0]},"meta":{"lastBranch":2,"lastFunction":2,"lastStatement":6,"seen":{"s:3:19:5:Infinity":0,"b:4:2:4:32:4:32:4:Infinity":0,"s:13:29:22:Infinity":1,"f:13:29:13:Infinity":0,"b:15:22:15:Infinity":1,"s:17:2:21:Infinity":2,"s:24:27:27:Infinity":3,"f:24:27:24:34":1,"s:25:22:25:Infinity":4,"s:26:2:26:Infinity":5}}}
,"/Users/Lawrence/Developer/Project/E-commerce/E-commerce-backend/src/utils/logger.ts": {"path":"/Users/Lawrence/Developer/Project/E-commerce/E-commerce-backend/src/utils/logger.ts","statementMap":{"0":{"start":{"line":3,"column":21},"end":{"line":3,"column":null}},"1":{"start":{"line":5,"column":13},"end":{"line":16,"column":null}}},"fnMap":{},"branchMap":{"0":{"loc":{"start":{"line":6,"column":9},"end":{"line":6,"column":null}},"type":"cond-expr","locations":[{"start":{"line":6,"column":24},"end":{"line":6,"column":33}},{"start":{"line":6,"column":33},"end":{"line":6,"column":null}}],"line":6},"1":{"loc":{"start":{"line":7,"column":13},"end":{"line":15,"column":null}},"type":"cond-expr","locations":[{"start":{"line":8,"column":6},"end":{"line":8,"column":null}},{"start":{"line":9,"column":6},"end":{"line":15,"column":null}}],"line":7}},"s":{"0":1,"1":1},"f":{},"b":{"0":[0,1],"1":[0,1]},"meta":{"lastBranch":2,"lastFunction":0,"lastStatement":2,"seen":{"s:3:21:3:Infinity":0,"s:5:13:16:Infinity":1,"b:6:24:6:33:6:33:6:Infinity":0,"b:8:6:8:Infinity:9:6:15:Infinity":1}}}
}
